# JRE version: Java(TM) SE Runtime Environment (11.0.2+9) (build 11.0.2+9-LTS)
# Java VM: Java HotSpot(TM) 64-Bit Server VM (11.0.2+9-LTS, mixed mode, tiered, compressed oops, g1 gc, windows-amd64)
Heap:
 garbage-first heap   total 683008K, used 268800K [0x0000000081e00000, 0x0000000100000000)
  region size 1024K, 9 young (9216K), 9 survivors (9216K)
 Metaspace       used 9119K, capacity 9426K, committed 9728K, reserved 1058816K
  class space    used 859K, capacity 935K, committed 1024K, reserved 1048576K
GC Heap History (10 events):
Event: 3.484 GC heap after
{Heap after GC invocations=19 (full 0):
 garbage-first heap   total 284672K, used 190464K [0x0000000081e00000, 0x0000000100000000)
  region size 1024K, 7 young (7168K), 7 survivors (7168K)
 Metaspace       used 9119K, capacity 9426K, committed 9728K, reserved 1058816K
  class space    used 859K, capacity 935K, committed 1024K, reserved 1048576K
}
Event: 3.614 GC heap before
{Heap before GC invocations=19 (full 0):
 garbage-first heap   total 284672K, used 229376K [0x0000000081e00000, 0x0000000100000000)
  region size 1024K, 45 young (46080K), 7 survivors (7168K)
 Metaspace       used 9119K, capacity 9426K, committed 9728K, reserved 1058816K
  class space    used 859K, capacity 935K, committed 1024K, reserved 1048576K
}
Event: 3.637 GC heap after
{Heap after GC invocations=20 (full 0):
 garbage-first heap   total 419840K, used 201216K [0x0000000081e00000, 0x0000000100000000)
  region size 1024K, 6 young (6144K), 6 survivors (6144K)
 Metaspace       used 9119K, capacity 9426K, committed 9728K, reserved 1058816K
  class space    used 859K, capacity 935K, committed 1024K, reserved 1048576K
}
Event: 3.925 GC heap before
{Heap before GC invocations=21 (full 0):
 garbage-first heap   total 419840K, used 275968K [0x0000000081e00000, 0x0000000100000000)
  region size 1024K, 79 young (80896K), 6 survivors (6144K)
 Metaspace       used 9119K, capacity 9426K, committed 9728K, reserved 1058816K
  class space    used 859K, capacity 935K, committed 1024K, reserved 1048576K
}
Event: 3.938 GC heap after
{Heap after GC invocations=22 (full 0):
 garbage-first heap   total 419840K, used 220160K [0x0000000081e00000, 0x0000000100000000)
  region size 1024K, 10 young (10240K), 10 survivors (10240K)
 Metaspace       used 9119K, capacity 9426K, committed 9728K, reserved 1058816K
  class space    used 859K, capacity 935K, committed 1024K, reserved 1048576K
}
Event: 4.176 GC heap before
{Heap before GC invocations=22 (full 0):
 garbage-first heap   total 419840K, used 291840K [0x0000000081e00000, 0x0000000100000000)
  region size 1024K, 80 young (81920K), 10 survivors (10240K)
 Metaspace       used 9119K, capacity 9426K, committed 9728K, reserved 1058816K
  class space    used 859K, capacity 935K, committed 1024K, reserved 1048576K
}
Event: 4.190 GC heap after
{Heap after GC invocations=23 (full 0):
 garbage-first heap   total 419840K, used 239616K [0x0000000081e00000, 0x0000000100000000)
  region size 1024K, 10 young (10240K), 10 survivors (10240K)
 Metaspace       used 9119K, capacity 9426K, committed 9728K, reserved 1058816K
  class space    used 859K, capacity 935K, committed 1024K, reserved 1048576K
}
Event: 4.420 GC heap before
{Heap before GC invocations=23 (full 0):
 garbage-first heap   total 419840K, used 307200K [0x0000000081e00000, 0x0000000100000000)
  region size 1024K, 76 young (77824K), 10 survivors (10240K)
 Metaspace       used 9119K, capacity 9426K, committed 9728K, reserved 1058816K
  class space    used 859K, capacity 935K, committed 1024K, reserved 1048576K
}
Event: 4.433 GC heap after
{Heap after GC invocations=24 (full 0):
 garbage-first heap   total 419840K, used 257536K [0x0000000081e00000, 0x0000000100000000)
  region size 1024K, 10 young (10240K), 10 survivors (10240K)
 Metaspace       used 9119K, capacity 9426K, committed 9728K, reserved 1058816K
  class space    used 859K, capacity 935K, committed 1024K, reserved 1048576K
}
Event: 4.561 GC heap before
{Heap before GC invocations=25 (full 0):
 garbage-first heap   total 419840K, used 294400K [0x0000000081e00000, 0x0000000100000000)
  region size 1024K, 47 young (48128K), 10 survivors (10240K)
 Metaspace       used 9119K, capacity 9426K, committed 9728K, reserved 1058816K
  class space    used 859K, capacity 935K, committed 1024K, reserved 1048576K
}

